<Feb 16, 2017 7:00:03 PM> <INFO> <NodeManager> <Server output log file is '/app/prd1bea/logs/domosb116qa3/mng2node.out'>
.
.
JAVA Memory arguments: -Xms8g -Xmx8g -Xss512k 
.
WLS Start Mode=Production
.
CLASSPATH=/app/prd1bea/bhosb116/oracle_common/modules/oracle.jdbc_11.1.1/ojdbc6dms.jar::/app/prd1bea/bhosb116/Oracle_OSB1/lib/osb-server-modules-ref.jar:/app/prd1bea/bhosb116/patch_wls1036/profiles/default/sys_manifest_classpath/weblogic_patch.jar:/app/prd1bea/bhosb116/patch_ocp371/profiles/default/sys_manifest_classpath/weblogic_patch.jar:/app/prd1bea/java/jdk1.6.0_domosb116qa3/lib/tools.jar:/app/prd1bea/bhosb116/wlserver_10.3/server/lib/weblogic_sp.jar:/app/prd1bea/bhosb116/wlserver_10.3/server/lib/weblogic.jar:/app/prd1bea/bhosb116/modules/features/weblogic.server.modules_10.3.6.0.jar:/app/prd1bea/bhosb116/wlserver_10.3/server/lib/webservices.jar:/app/prd1bea/bhosb116/modules/org.apache.ant_1.7.1/lib/ant-all.jar:/app/prd1bea/bhosb116/modules/net.sf.antcontrib_1.1.0.0_1-0b2/lib/ant-contrib.jar:/app/prd1bea/bhosb116/Oracle_OSB1/soa/modules/oracle.soa.common.adapters_11.1.1/oracle.soa.common.adapters.jar:/app/prd1bea/bhosb116/oracle_common/soa/modules/commons-cli-1.1.jar:/app/prd1bea/bhosb116/oracle_common/soa/modules/oracle.soa.mgmt_11.1.1/soa-infra-mgmt.jar:/app/prd1bea/bhosb116/oracle_common/modules/oracle.jrf_11.1.1/jrf.jar:/app/prd1bea/bhosb116/Oracle_OSB1/lib/version.jar:/app/prd1bea/bhosb116/Oracle_OSB1/lib/alsb.jar:/app/prd1bea/bhosb116/Oracle_OSB1/3rdparty/lib/j2ssh-ant.jar:/app/prd1bea/bhosb116/Oracle_OSB1/3rdparty/lib/j2ssh-common.jar:/app/prd1bea/bhosb116/Oracle_OSB1/3rdparty/lib/j2ssh-core.jar:/app/prd1bea/bhosb116/Oracle_OSB1/3rdparty/lib/j2ssh-dameon.jar:/app/prd1bea/bhosb116/Oracle_OSB1/3rdparty/classes:/app/prd1bea/bhosb116/Oracle_OSB1/lib/external/log4j_1.2.8.jar:/app/prd1bea/wlsdom/domosb116qa3/config/osb:/app/prd1bea/bhosb116/wlserver_10.3/common/derby/lib/derbyclient.jar:/app/prd1bea/bhosb116/wlserver_10.3/server/lib/xqrl.jar:/app/prd1bea/bhosb116/oracle_common/modules/oracle.jdbc_11.1.1/ojdbc6dms.jar::/app/prd1bea/bhosb116/Oracle_OSB1/lib/osb-server-modules-ref.jar:/app/prd1bea/bhosb116/patch_wls1036/profiles/default/sys_manifest_classpath/weblogic_patch.jar:/app/prd1bea/bhosb116/patch_ocp371/profiles/default/sys_manifest_classpath/weblogic_patch.jar:/app/prd1bea/java/jdk1.6.0_domosb116qa3/lib/tools.jar:/app/prd1bea/bhosb116/wlserver_10.3/server/lib/weblogic_sp.jar:/app/prd1bea/bhosb116/wlserver_10.3/server/lib/weblogic.jar:/app/prd1bea/bhosb116/modules/features/weblogic.server.modules_10.3.6.0.jar:/app/prd1bea/bhosb116/wlserver_10.3/server/lib/webservices.jar:/app/prd1bea/bhosb116/modules/org.apache.ant_1.7.1/lib/ant-all.jar:/app/prd1bea/bhosb116/modules/net.sf.antcontrib_1.1.0.0_1-0b2/lib/ant-contrib.jar:/app/prd1bea/bhosb116/Oracle_OSB1/soa/modules/oracle.soa.common.adapters_11.1.1/oracle.soa.common.adapters.jar:/app/prd1bea/bhosb116/oracle_common/modules/oracle.jrf_11.1.1/jrf.jar:/app/prd1bea/bhosb116/Oracle_OSB1/lib/version.jar:/app/prd1bea/bhosb116/Oracle_OSB1/lib/alsb.jar:/app/prd1bea/bhosb116/Oracle_OSB1/3rdparty/lib/j2ssh-ant.jar:/app/prd1bea/bhosb116/Oracle_OSB1/3rdparty/lib/j2ssh-common.jar:/app/prd1bea/bhosb116/Oracle_OSB1/3rdparty/lib/j2ssh-core.jar:/app/prd1bea/bhosb116/Oracle_OSB1/3rdparty/lib/j2ssh-dameon.jar:/app/prd1bea/bhosb116/Oracle_OSB1/3rdparty/classes:/app/prd1bea/bhosb116/Oracle_OSB1/lib/external/log4j_1.2.8.jar:/app/prd1bea/wlsdom/domosb116qa3/config/osb:/app/prd1bea/bhosb116/wlserver_10.3/common/derby/lib/derbyclient.jar:/app/prd1bea/bhosb116/wlserver_10.3/server/lib/xqrl.jar:/app/prd1bea/bhosb116/patch_wls1036/profiles/default/sys_manifest_classpath/weblogic_patch.jar:/app/prd1bea/bhosb116/patch_ocp371/profiles/default/sys_manifest_classpath/weblogic_patch.jar:/app/prd1bea/java/jdk1.6.0_domosb116qa3/lib/tools.jar:/app/prd1bea/bhosb116/wlserver_10.3/server/lib/weblogic_sp.jar:/app/prd1bea/bhosb116/wlserver_10.3/server/lib/weblogic.jar:/app/prd1bea/bhosb116/modules/features/weblogic.server.modules_10.3.6.0.jar:/app/prd1bea/bhosb116/wlserver_10.3/server/lib/webservices.jar:/app/prd1bea/bhosb116/modules/org.apache.ant_1.7.1/lib/ant-all.jar:/app/prd1bea/bhosb116/modules/net.sf.antcontrib_1.1.0.0_1-0b2/lib/ant-contrib.jar::/app/prd1bea/bhosb116
.
PATH=/app/prd1bea/bhosb116/wlserver_10.3/server/bin:/app/prd1bea/bhosb116/modules/org.apache.ant_1.7.1/bin:/app/prd1bea/java/jdk1.6.0_domosb116qa3/jre/bin:/app/prd1bea/java/jdk1.6.0_domosb116qa3/bin:/app/prd1bea/bhosb116/wlserver_10.3/server/bin:/app/prd1bea/bhosb116/modules/org.apache.ant_1.7.1/bin:/app/prd1bea/java/jrockit-jdk1.6.0_33-R28.2.4-4.1.0/jre/bin:/app/prd1bea/java/jrockit-jdk1.6.0_33-R28.2.4-4.1.0/bin:/usr/lib64/qt-3.3/bin:/usr/kerberos/bin:/usr/local/bin:/bin:/usr/bin:/home/prd1bea/bin
.
***************************************************
*  To start WebLogic Server, use a username and   *
*  password assigned to an admin-level user.  For *
*  server administration, use the WebLogic Server *
*  console at http://hostname:port/console        *
***************************************************
starting weblogic with Java version:
java version "1.6.0_105"
Java(TM) SE Runtime Environment (build 1.6.0_105-b15)
Oracle JRockit(R) (build R28.3.8-9-168608-1.6.0_105-20150930-2102-linux-x86_64, compiled mode)
Starting WLS with line:
/app/prd1bea/java/jdk1.6.0_domosb116qa3/bin/java -jrockit   -Xms8g -Xmx8g -Xss512k  -Dweblogic.Name=mng2node -Djava.security.policy=/app/prd1bea/bhosb116/wlserver_10.3/server/lib/weblogic.policy  -Dweblogic.ProductionModeEnabled=true -Dweblogic.system.BootIdentityFile=/app/prd1bea/wlsdom/domosb116qa3/servers/mng2node/data/nodemanager/boot.properties -Dweblogic.nodemanager.ServiceEnabled=true -Dweblogic.security.SSL.ignoreHostnameVerification=true -Dweblogic.ReverseDNSAllowed=false -Xms8g -Xmx8g -Xss512k -XX:MaxPermSize=512m -Dweblogic.TracingEnabled=true -Dweblogic.Stdout=/app/prd1bea/logs/domosb116qa3/mng2node.out -Dweblogic.Stderr=/app/prd1bea/logs/domosb116qa3/mng2node.err -Dlogback.configurationFile=/app/prd1bea/wlsdom/domosb116qa3/resources/logback.xml -DarmCCPKLocation=/app/prd1bea/wlsdom/domosb116qa3/resources/app_arm/creditCardPrivateKey.p8 -Dcom.bea.wli.sb.pipeline.RouterRuntimeCache.size=500 -Djava.security.egd=file:/dev/./urandom  -da -Dplatform.home=/app/prd1bea/bhosb116/wlserver_10.3 -Dwls.home=/app/prd1bea/bhosb116/wlserver_10.3/server -Dweblogic.home=/app/prd1bea/bhosb116/wlserver_10.3/server  -Dcommon.components.home=/app/prd1bea/bhosb116/oracle_common -Djrf.version=11.1.1 -Dorg.apache.commons.logging.Log=org.apache.commons.logging.impl.Jdk14Logger -Ddomain.home=/app/prd1bea/wlsdom/domosb116qa3 -Djrockit.optfile=/app/prd1bea/bhosb116/oracle_common/modules/oracle.jrf_11.1.1/jrocket_optfile.txt -Doracle.server.config.dir=/app/prd1bea/wlsdom/domosb116qa3/config/fmwconfig/servers/mng2node -Doracle.domain.config.dir=/app/prd1bea/wlsdom/domosb116qa3/config/fmwconfig  -Digf.arisidbeans.carmlloc=/app/prd1bea/wlsdom/domosb116qa3/config/fmwconfig/carml  -Digf.arisidstack.home=/app/prd1bea/wlsdom/domosb116qa3/config/fmwconfig/arisidprovider -Doracle.security.jps.config=/app/prd1bea/wlsdom/domosb116qa3/config/fmwconfig/jps-config.xml -Doracle.deployed.app.dir=/app/prd1bea/wlsdom/domosb116qa3/servers/mng2node/tmp/_WL_user -Doracle.deployed.app.ext=/- -Dweblogic.alternateTypesDirectory=/app/prd1bea/bhosb116/oracle_common/modules/oracle.ossoiap_11.1.1,/app/prd1bea/bhosb116/oracle_common/modules/oracle.oamprovider_11.1.1 -Djava.protocol.handler.pkgs=oracle.mds.net.protocol  -Dweblogic.jdbc.remoteEnabled=false  -Dem.oracle.home=/app/prd1bea/bhosb116/oracle_common -Djava.awt.headless=true -Dweblogic.management.discover=false -Dweblogic.management.server=http://10.41.252.53:7003  -Dwlw.iterativeDev=false -Dwlw.testConsole=false -Xns:2048m -XXtlasize:min=8k,preferred=512k -Dwlw.logErrorsToConsole=false -Dweblogic.ext.dirs=/app/prd1bea/bhosb116/patch_wls1036/profiles/default/sysext_manifest_classpath:/app/prd1bea/bhosb116/patch_ocp371/profiles/default/sysext_manifest_classpath  weblogic.Server
[WARN ][jrockit] MaxPermSize=512m ignored: Not a valid option for JRockit
[WARN ] Use of -Djrockit.optfile is deprecated and discouraged.
<Feb 16, 2017 7:00:04 PM BRST> <Info> <Security> <BEA-090905> <Disabling CryptoJ JCE Provider self-integrity check for better startup performance. To enable this check, specify -Dweblogic.security.allowCryptoJDefaultJCEVerification=true> 
<Feb 16, 2017 7:00:05 PM BRST> <Info> <Security> <BEA-090906> <Changing the default Random Number Generator in RSA CryptoJ from ECDRBG to FIPS186PRNG. To disable this change, specify -Dweblogic.security.allowCryptoJDefaultPRNG=true> 
<Feb 16, 2017 7:00:05 PM BRST> <Notice> <WebLogicServer> <BEA-000395> <Following extensions directory contents added to the end of the classpath:
/app/prd1bea/wlsdom/domosb116qa3/lib/logback-classic-1.0.10.jar:/app/prd1bea/wlsdom/domosb116qa3/lib/logback-core-1.0.10.jar:/app/prd1bea/wlsdom/domosb116qa3/lib/sapjco3.jar:/app/prd1bea/wlsdom/domosb116qa3/lib/slf4j-api-1.7.4.jar> 
<Feb 16, 2017 7:00:05 PM BRST> <Info> <WebLogicServer> <BEA-000377> <Starting WebLogic Server with Oracle JRockit(R) Version R28.3.8-9-168608-1.6.0_105-20150930-2102-linux-x86_64 from Oracle Corporation> 
<Feb 16, 2017 7:00:07 PM BRST> <Info> <Management> <BEA-141107> <Version: WebLogic Server Temporary Patch for BUG18964349 Thu Jul 24 17:21:25 IST 2014
WebLogic Server 10.3.6.0.160719 PSU Patch for BUG23094342 MON MAY 23 12:34:42 IST 2016
WebLogic Server 10.3.6.0  Tue Nov 15 08:52:36 PST 2011 1441050 > 
<Feb 16, 2017 7:00:13 PM BRST> <Notice> <WebLogicServer> <BEA-000365> <Server state changed to STARTING> 
<Feb 16, 2017 7:00:13 PM BRST> <Info> <WorkManager> <BEA-002900> <Initializing self-tuning thread pool> 
<Feb 16, 2017 7:00:13 PM BRST> <Notice> <LoggingService> <BEA-320400> <The log file /app/prd1bea/logs/domosb116qa3/mng2node.log will be rotated. Reopen the log file if tailing has stopped. This can happen on some platforms like Windows.> 
<Feb 16, 2017 7:00:13 PM BRST> <Notice> <LoggingService> <BEA-320401> <The log file has been rotated to /app/prd1bea/logs/domosb116qa3/mng2node.log00001. Log messages will continue to be logged in /app/prd1bea/logs/domosb116qa3/mng2node.log.> 
<Feb 16, 2017 7:00:27 PM BRST> <Notice> <LoggingService> <BEA-320400> <The log file /app/prd1bea/logs/domosb116qa3/access_mng2node.log will be rotated. Reopen the log file if tailing has stopped. This can happen on some platforms like Windows.> 
<Feb 16, 2017 7:00:27 PM BRST> <Notice> <LoggingService> <BEA-320401> <The log file has been rotated to /app/prd1bea/logs/domosb116qa3/access_mng2node.log00001. Log messages will continue to be logged in /app/prd1bea/logs/domosb116qa3/access_mng2node.log.> 
Thu, 16 Feb 2017 19:02:47.0098 BRST - Thread[[ACTIVE] ExecuteThread: '0' for queue: 'weblogic.kernel.Default (self-tuning)' for workmanager: null@null@weblogic.kernel.System,5,Pooled Threads] [debug] setLogWriter() gets called.
19:03:45,370 |-INFO in ch.qos.logback.classic.LoggerContext[default] - Found resource [/app/prd1bea/wlsdom/domosb116qa3/resources/logback.xml] at [file:/app/prd1bea/wlsdom/domosb116qa3/resources/logback.xml]
19:03:45,504 |-INFO in ch.qos.logback.classic.joran.action.ConfigurationAction - debug attribute not set
19:03:45,528 |-INFO in ch.qos.logback.classic.joran.action.ConfigurationAction - Setting ReconfigureOnChangeFilter scanning period to 30 seconds
19:03:45,529 |-INFO in ReconfigureOnChangeFilter{invocationCounter=0} - Will scan for changes in [[/app/prd1bea/wlsdom/domosb116qa3/resources/logback.xml]] every 30 seconds. 
19:03:45,529 |-INFO in ch.qos.logback.classic.joran.action.ConfigurationAction - Adding ReconfigureOnChangeFilter as a turbo filter
19:03:45,545 |-INFO in ch.qos.logback.core.joran.action.AppenderAction - About to instantiate appender of type [ch.qos.logback.core.ConsoleAppender]
19:03:45,553 |-INFO in ch.qos.logback.core.joran.action.AppenderAction - Naming appender as [STDOUT]
19:03:45,595 |-INFO in ch.qos.logback.core.joran.action.NestedComplexPropertyIA - Assuming default type [ch.qos.logback.classic.encoder.PatternLayoutEncoder] for [encoder] property
19:03:45,710 |-INFO in ch.qos.logback.core.joran.action.AppenderAction - About to instantiate appender of type [ch.qos.logback.classic.sift.SiftingAppender]
19:03:45,716 |-INFO in ch.qos.logback.core.joran.action.AppenderAction - Naming appender as [OSBLoggerSIFT]
19:03:45,734 |-INFO in ch.qos.logback.core.joran.action.NestedComplexPropertyIA - Assuming default type [ch.qos.logback.classic.sift.MDCBasedDiscriminator] for [discriminator] property
19:03:45,744 |-INFO in ch.qos.logback.core.joran.action.AppenderAction - About to instantiate appender of type [ch.qos.logback.classic.AsyncAppender]
19:03:45,748 |-INFO in ch.qos.logback.core.joran.action.AppenderAction - Naming appender as [asyncQueue]
19:03:45,757 |-ERROR in ch.qos.logback.core.joran.spi.Interpreter@39:15 - no applicable action for [neverBlock], current pattern is [[configuration][appender][neverBlock]]
19:03:45,759 |-INFO in ch.qos.logback.core.joran.action.AppenderRefAction - Attaching appender named [OSBLoggerSIFT] to ch.qos.logback.classic.AsyncAppender[asyncQueue]
19:03:45,759 |-INFO in ch.qos.logback.classic.AsyncAppender[asyncQueue] - Attaching appender named [OSBLoggerSIFT] to AsyncAppender.
19:03:45,760 |-INFO in ch.qos.logback.classic.AsyncAppender[asyncQueue] - Setting discardingThreshold to 102
19:03:45,765 |-INFO in ch.qos.logback.classic.joran.action.LoggerAction - Setting level of logger [OSBLogger] to DEBUG
19:03:45,765 |-INFO in ch.qos.logback.classic.joran.action.LoggerAction - Setting additivity of logger [OSBLogger] to false
19:03:45,765 |-INFO in ch.qos.logback.core.joran.action.AppenderRefAction - Attaching appender named [asyncQueue] to Logger[OSBLogger]
19:03:45,766 |-INFO in ch.qos.logback.classic.joran.action.RootLoggerAction - Setting level of ROOT logger to DEBUG
19:03:45,766 |-INFO in ch.qos.logback.core.joran.action.AppenderRefAction - Attaching appender named [STDOUT] to Logger[ROOT]
19:03:45,766 |-INFO in ch.qos.logback.classic.joran.action.ConfigurationAction - End of configuration.
19:03:45,768 |-INFO in ch.qos.logback.classic.joran.JoranConfigurator@2a7319a0 - Registering current configuration as safe fallback point

<Feb 16, 2017 7:13:27 PM BRST> <Emergency> <oracle.dfw.incident> <BEA-000000> <incident 31 created with problem key "BEA-000337 [WebLogicServer]"> 
<Feb 16, 2017 7:16:17 PM BRST> <Emergency> <oracle.dfw.incident> <BEA-000000> <incident 32 created with problem key "DFW-99998 [com.bea.wli.sb.management.BrokerManagementException][weblogic.security.acl.internal.AuthenticatedSubject.doAs][XBus]"> 
<Feb 16, 2017 7:26:27 PM BRST> <Emergency> <oracle.dfw.incident> <BEA-000000> <incident 33 created with problem key "BEA-000337 [WebLogicServer]"> 
[EarFile] Application File : /app/prd1bea/wlsdom/domosb116qa3/sbgen/alsbejbtransport/2189330166000/build/ear/META-INF/application.xml
[EarFile] Application File : /app/prd1bea/wlsdom/domosb116qa3/sbgen/alsbejbtransport/2193658900000/build/ear/META-INF/application.xml
[EarFile] Application File : /app/prd1bea/wlsdom/domosb116qa3/sbgen/alsbejbtransport/2195320100000/build/ear/META-INF/application.xml
[EarFile] Application File : /app/prd1bea/wlsdom/domosb116qa3/sbgen/alsbejbtransport/3789652484000/build/ear/META-INF/application.xml
[EarFile] Application File : /app/prd1bea/wlsdom/domosb116qa3/sbgen/alsbejbtransport/6091541622000/build/ear/META-INF/application.xml
[EarFile] Application File : /app/prd1bea/wlsdom/domosb116qa3/sbgen/alsbejbtransport/6092702301000/build/ear/META-INF/application.xml
<Feb 16, 2017 8:45:28 PM BRST> <Emergency> <oracle.dfw.incident> <BEA-000000> <incident 34 created with problem key "BEA-000337 [WebLogicServer]"> 
[EarFile] Application File : /app/prd1bea/wlsdom/domosb116qa3/sbgen/alsbejbtransport/7240989606000/build/ear/META-INF/application.xml
[EarFile] Application File : /app/prd1bea/wlsdom/domosb116qa3/sbgen/alsbejbtransport/51342883989000/build/ear/META-INF/application.xml
<Feb 17, 2017 3:06:50 PM BRST> <Emergency> <oracle.dfw.incident> <BEA-000000> <incident 35 created with problem key "DFW-99998 [com.bea.wli.sb.management.BrokerManagementException][weblogic.security.service.SecurityManager.runAs][XBus]"> 
<Feb 17, 2017 3:17:32 PM BRST> <Emergency> <oracle.dfw.incident> <BEA-000000> <incident 36 created with problem key "BEA-000337 [WebLogicServer]"> 
[EarFile] Application File : /app/prd1bea/wlsdom/domosb116qa3/sbgen/alsbejbtransport/73289253086000/build/ear/META-INF/application.xml
[EarFile] Application File : /app/prd1bea/wlsdom/domosb116qa3/sbgen/alsbejbtransport/73469965062000/build/ear/META-INF/application.xml
[EarFile] Application File : /app/prd1bea/wlsdom/domosb116qa3/sbgen/alsbejbtransport/74845171040000/build/ear/META-INF/application.xml
[EarFile] Application File : /app/prd1bea/wlsdom/domosb116qa3/sbgen/alsbejbtransport/77465056634000/build/ear/META-INF/application.xml
<Feb 17, 2017 6:46:33 PM BRST> <Emergency> <oracle.dfw.incident> <BEA-000000> <incident 37 created with problem key "BEA-000337 [WebLogicServer]"> 
[EarFile] Application File : /app/prd1bea/wlsdom/domosb116qa3/sbgen/alsbejbtransport/88577796683000/build/ear/META-INF/application.xml
[EarFile] Application File : /app/prd1bea/wlsdom/domosb116qa3/sbgen/alsbejbtransport/88590116820000/build/ear/META-INF/application.xml
[EarFile] Application File : /app/prd1bea/wlsdom/domosb116qa3/sbgen/alsbejbtransport/89445277568000/build/ear/META-INF/application.xml
[EarFile] Application File : /app/prd1bea/wlsdom/domosb116qa3/sbgen/alsbejbtransport/91925704040000/build/ear/META-INF/application.xml
<Feb 18, 2017 12:52:06 PM BRST> <Emergency> <oracle.dfw.incident> <BEA-000000> <incident 38 created with problem key "DFW-99998 [com.bea.wli.sb.management.BrokerManagementException][weblogic.servlet.FutureResponseServlet.service][XBus]"> 
<Feb 18, 2017 1:02:37 PM BRST> <Emergency> <oracle.dfw.incident> <BEA-000000> <incident 39 created with problem key "BEA-000337 [WebLogicServer]"> 
[EarFile] Application File : /app/prd1bea/wlsdom/domosb116qa3/sbgen/alsbejbtransport/154398472206000/build/ear/META-INF/application.xml
[EarFile] Application File : /app/prd1bea/wlsdom/domosb116qa3/sbgen/alsbejbtransport/154399526282000/build/ear/META-INF/application.xml
[EarFile] Application File : /app/prd1bea/wlsdom/domosb116qa3/sbgen/alsbejbtransport/154400743821000/build/ear/META-INF/application.xml
[EarFile] Application File : /app/prd1bea/wlsdom/domosb116qa3/sbgen/alsbejbtransport/156488995762000/build/ear/META-INF/application.xml
<Feb 18, 2017 11:42:08 PM BRST> <Notice> <LoggingService> <BEA-320400> <The log file /app/prd1bea/logs/domosb116qa3/mng2node.log will be rotated. Reopen the log file if tailing has stopped. This can happen on some platforms like Windows.> 
<Feb 18, 2017 11:42:08 PM BRST> <Notice> <LoggingService> <BEA-320401> <The log file has been rotated to /app/prd1bea/logs/domosb116qa3/mng2node.log00001. Log messages will continue to be logged in /app/prd1bea/logs/domosb116qa3/mng2node.log.> 
<Feb 18, 2017 11:45:09 PM BRST> <Notice> <LoggingService> <BEA-320400> <The log file /app/prd1bea/logs/domosb116qa3/mng2node.log will be rotated. Reopen the log file if tailing has stopped. This can happen on some platforms like Windows.> 
<Feb 18, 2017 11:45:09 PM BRST> <Notice> <LoggingService> <BEA-320401> <The log file has been rotated to /app/prd1bea/logs/domosb116qa3/mng2node.log00002. Log messages will continue to be logged in /app/prd1bea/logs/domosb116qa3/mng2node.log.> 
<Feb 18, 2017 11:08:09 PM BRT> <Notice> <LoggingService> <BEA-320400> <The log file /app/prd1bea/logs/domosb116qa3/mng2node.log will be rotated. Reopen the log file if tailing has stopped. This can happen on some platforms like Windows.> 
<Feb 18, 2017 11:08:09 PM BRT> <Notice> <LoggingService> <BEA-320401> <The log file has been rotated to /app/prd1bea/logs/domosb116qa3/mng2node.log00003. Log messages will continue to be logged in /app/prd1bea/logs/domosb116qa3/mng2node.log.> 
<Feb 18, 2017 11:24:08 PM BRT> <Notice> <LoggingService> <BEA-320400> <The log file /app/prd1bea/logs/domosb116qa3/mng2node.log will be rotated. Reopen the log file if tailing has stopped. This can happen on some platforms like Windows.> 
<Feb 18, 2017 11:24:08 PM BRT> <Notice> <LoggingService> <BEA-320401> <The log file has been rotated to /app/prd1bea/logs/domosb116qa3/mng2node.log00004. Log messages will continue to be logged in /app/prd1bea/logs/domosb116qa3/mng2node.log.> 
<Feb 18, 2017 11:45:07 PM BRT> <Notice> <LoggingService> <BEA-320400> <The log file /app/prd1bea/logs/domosb116qa3/mng2node.log will be rotated. Reopen the log file if tailing has stopped. This can happen on some platforms like Windows.> 
<Feb 18, 2017 11:45:07 PM BRT> <Notice> <LoggingService> <BEA-320401> <The log file has been rotated to /app/prd1bea/logs/domosb116qa3/mng2node.log00005. Log messages will continue to be logged in /app/prd1bea/logs/domosb116qa3/mng2node.log.> 
<Feb 19, 2017 12:07:08 AM BRT> <Notice> <LoggingService> <BEA-320400> <The log file /app/prd1bea/logs/domosb116qa3/mng2node.log will be rotated. Reopen the log file if tailing has stopped. This can happen on some platforms like Windows.> 
<Feb 19, 2017 12:07:08 AM BRT> <Notice> <LoggingService> <BEA-320401> <The log file has been rotated to /app/prd1bea/logs/domosb116qa3/mng2node.log00006. Log messages will continue to be logged in /app/prd1bea/logs/domosb116qa3/mng2node.log.> 
<Feb 19, 2017 12:28:11 AM BRT> <Notice> <LoggingService> <BEA-320400> <The log file /app/prd1bea/logs/domosb116qa3/mng2node.log will be rotated. Reopen the log file if tailing has stopped. This can happen on some platforms like Windows.> 
<Feb 19, 2017 12:28:11 AM BRT> <Notice> <LoggingService> <BEA-320401> <The log file has been rotated to /app/prd1bea/logs/domosb116qa3/mng2node.log00007. Log messages will continue to be logged in /app/prd1bea/logs/domosb116qa3/mng2node.log.> 
<Feb 19, 2017 12:46:11 AM BRT> <Notice> <LoggingService> <BEA-320400> <The log file /app/prd1bea/logs/domosb116qa3/mng2node.log will be rotated. Reopen the log file if tailing has stopped. This can happen on some platforms like Windows.> 
<Feb 19, 2017 12:46:11 AM BRT> <Notice> <LoggingService> <BEA-320401> <The log file has been rotated to /app/prd1bea/logs/domosb116qa3/mng2node.log00008. Log messages will continue to be logged in /app/prd1bea/logs/domosb116qa3/mng2node.log.> 
